#
# A fatal error has been detected by the Java Runtime Environment:
#
#  EXCEPTION_ACCESS_VIOLATION (0xc0000005) at pc=0x0000000009662110, pid=6620, tid=9420
#
# JRE version: Java(TM) SE Runtime Environment (8.0_71-b15) (build 1.8.0_71-b15)
# Java VM: Java HotSpot(TM) 64-Bit Server VM (25.71-b15 mixed mode windows-amd64 compressed oops)
# Problematic frame:
# C  [ig4icd64.dll+0x12110]
#
# Failed to write core dump. Minidumps are not enabled by default on client versions of Windows
#
# If you would like to submit a bug report, please visit:
#   http://bugreport.java.com/bugreport/crash.jsp
# The crash happened outside the Java Virtual Machine in native code.
# See problematic frame for where to report the bug.
#

---------------  T H R E A D  ---------------

Current thread (0x00000000021fd800):  JavaThread "main" [_thread_in_native, id=9420, stack(0x0000000002300000,0x0000000002400000)]

siginfo: ExceptionCode=0xc0000005, reading address 0x0000000000000000

Registers:
RAX=0x0000000000000000, RBX=0x0000000000000018, RCX=0x000000005f1fa000, RDX=0x0000000000000000
RSP=0x00000000023ff1e0, RBP=0x0000000000000000, RSI=0x000000000a847000, RDI=0x000000005f1fa000
R8 =0x0000000000000230, R9 =0x0000000000000000, R10=0x0000000000000004, R11=0x0000000000000000
R12=0x000000000a855820, R13=0x0000000000000230, R14=0x0000000000000000, R15=0x000000000c9e5040
RIP=0x0000000009662110, EFLAGS=0x0000000000010202

Top of Stack: (sp=0x00000000023ff1e0)
0x00000000023ff1e0:   0000000000000230 000000000a847000
0x00000000023ff1f0:   0000000000000002 0000000009e71d29
0x00000000023ff200:   cafebabecafebabe 0000000000000000
0x00000000023ff210:   0000000000000030 0000000000000000
0x00000000023ff220:   000000005f1fa000 0000000009e69808
0x00000000023ff230:   000000000c9d0cb8 0000000000000018
0x00000000023ff240:   0000000000000002 0000000000000000
0x00000000023ff250:   0000000000000004 0000000000000002
0x00000000023ff260:   000000000c9e5060 0000000000000000
0x00000000023ff270:   0000000000000004 0000000000000000
0x00000000023ff280:   0000000000000024 0000000000000000
0x00000000023ff290:   000000000a847000 0000000000000000
0x00000000023ff2a0:   0000000000000024 0000000000000000
0x00000000023ff2b0:   0000000000000000 0000000009e69ae9
0x00000000023ff2c0:   0000000000000000 0000000000000000
0x00000000023ff2d0:   0000000000000018 0000000000000001 

Instructions: (pc=0x0000000009662110)
0x00000000096620f0:   c2 10 66 0f 7f 41 f0 49 3b c3 72 e4 e9 ab 00 00
0x0000000009662100:   00 4d 8b d0 45 8b d9 49 c1 ea 07 4d 85 d2 74 62
0x0000000009662110:   66 0f 6f 3a 66 0f 6f 72 10 66 0f 6f 6a 20 41 ff
0x0000000009662120:   c3 48 83 e9 80 41 8b c3 66 0f 6f 62 30 66 0f 6f 


Register to memory mapping:

RAX=0x0000000000000000 is an unknown value
RBX=0x0000000000000018 is an unknown value
RCX=0x000000005f1fa000 is an unknown value
RDX=0x0000000000000000 is an unknown value
RSP=0x00000000023ff1e0 is pointing into the stack for thread: 0x00000000021fd800
RBP=0x0000000000000000 is an unknown value
RSI=0x000000000a847000 is an unknown value
RDI=0x000000005f1fa000 is an unknown value
R8 =0x0000000000000230 is an unknown value
R9 =0x0000000000000000 is an unknown value
R10=0x0000000000000004 is an unknown value
R11=0x0000000000000000 is an unknown value
R12=0x000000000a855820 is an unknown value
R13=0x0000000000000230 is an unknown value
R14=0x0000000000000000 is an unknown value
R15=0x000000000c9e5040 is an unknown value


Stack: [0x0000000002300000,0x0000000002400000],  sp=0x00000000023ff1e0,  free space=1020k
Native frames: (J=compiled Java code, j=interpreted, Vv=VM code, C=native code)

Java frames: (J=compiled Java code, j=interpreted, Vv=VM code)
j  org.lwjgl.opengl.GL11.nglDrawElementsBO(IIIJJ)V+0
j  org.lwjgl.opengl.GL11.glDrawElements(IIIJ)V+28
j  partsys.ModelRenderer.render(Ljava/util/Map;)V+84
j  partsys.Renderer.render(Lpartsys/Light;Lpartsys/Camera;)V+35
j  partsys.MainLoop.main([Ljava/lang/String;)V+1206
v  ~StubRoutines::call_stub

---------------  P R O C E S S  ---------------

Java Threads: ( => current thread )
  0x0000000008acb800 JavaThread "Service Thread" daemon [_thread_blocked, id=9224, stack(0x0000000009260000,0x0000000009360000)]
  0x0000000008a68800 JavaThread "C1 CompilerThread2" daemon [_thread_blocked, id=4244, stack(0x0000000008f10000,0x0000000009010000)]
  0x000000000735e000 JavaThread "C2 CompilerThread1" daemon [_thread_in_native, id=8440, stack(0x0000000009020000,0x0000000009120000)]
  0x0000000007353800 JavaThread "C2 CompilerThread0" daemon [_thread_blocked, id=3552, stack(0x0000000008960000,0x0000000008a60000)]
  0x0000000007351800 JavaThread "Attach Listener" daemon [_thread_blocked, id=9040, stack(0x00000000086a0000,0x00000000087a0000)]
  0x000000000734e800 JavaThread "Signal Dispatcher" daemon [_thread_blocked, id=6796, stack(0x00000000087f0000,0x00000000088f0000)]
  0x00000000072f6800 JavaThread "Finalizer" daemon [_thread_blocked, id=9884, stack(0x0000000008250000,0x0000000008350000)]
  0x00000000072ef800 JavaThread "Reference Handler" daemon [_thread_blocked, id=9632, stack(0x00000000085a0000,0x00000000086a0000)]
=>0x00000000021fd800 JavaThread "main" [_thread_in_native, id=9420, stack(0x0000000002300000,0x0000000002400000)]

Other Threads:
  0x00000000072ea000 VMThread [stack: 0x0000000008420000,0x0000000008520000] [id=9412]
  0x0000000008aea800 WatcherThread [stack: 0x0000000009360000,0x0000000009460000] [id=4260]

VM state:not at safepoint (normal execution)

VM Mutex/Monitor currently owned by a thread: None

Heap:
 PSYoungGen      total 104960K, used 48411K [0x00000000e0780000, 0x00000000e7680000, 0x0000000100000000)
  eden space 97792K, 43% used [0x00000000e0780000,0x00000000e30f2a90,0x00000000e6700000)
  from space 7168K, 83% used [0x00000000e6e80000,0x00000000e74541b8,0x00000000e7580000)
  to   space 7680K, 0% used [0x00000000e6700000,0x00000000e6700000,0x00000000e6e80000)
 ParOldGen       total 65536K, used 3589K [0x00000000a1600000, 0x00000000a5600000, 0x00000000e0780000)
  object space 65536K, 5% used [0x00000000a1600000,0x00000000a19817a0,0x00000000a5600000)
 Metaspace       used 5274K, capacity 5987K, committed 6272K, reserved 1056768K
  class space    used 507K, capacity 560K, committed 640K, reserved 1048576K

Card table byte_map: [0x0000000002a90000,0x0000000002d90000] byte_map_base: 0x0000000002585000

Marking Bits: (ParMarkBitMap*) 0x0000000077f7f600
 Begin Bits: [0x0000000003710000, 0x0000000004eb8000)
 End Bits:   [0x0000000004eb8000, 0x0000000006660000)

Polling page: 0x0000000000140000

CodeCache: size=245760Kb used=2253Kb max_used=2253Kb free=243506Kb
 bounds [0x000000000f010000, 0x000000000f280000, 0x000000001e010000]
 total_blobs=815 nmethods=423 adapters=305
 compilation: enabled

Compilation events (10 events):
Event: 0.978 Thread 0x0000000008a68800  423       3       java.util.WeakHashMap::getTable (9 bytes)
Event: 0.978 Thread 0x0000000008a68800 nmethod 423 0x000000000f2414d0 code [0x000000000f241640, 0x000000000f2417e8]
Event: 0.978 Thread 0x0000000008a68800  424   !   3       java.util.WeakHashMap::expungeStaleEntries (139 bytes)
Event: 0.978 Thread 0x0000000008a68800 nmethod 424 0x000000000f241890 code [0x000000000f241a60, 0x000000000f242528]
Event: 0.978 Thread 0x0000000008a68800  425       3       java.util.WeakHashMap::indexFor (6 bytes)
Event: 0.979 Thread 0x0000000008a68800 nmethod 425 0x000000000f242b50 code [0x000000000f242ca0, 0x000000000f242dd0]
Event: 0.979 Thread 0x0000000008a68800  420       3       java.net.URLClassLoader$1::<init> (15 bytes)
Event: 0.979 Thread 0x0000000008a68800 nmethod 420 0x000000000f242e50 code [0x000000000f242fa0, 0x000000000f243170]
Event: 0.979 Thread 0x0000000008a68800  421       3       sun.net.www.protocol.file.Handler::parseURL (18 bytes)
Event: 0.979 Thread 0x0000000008a68800 nmethod 421 0x000000000f243210 code [0x000000000f243380, 0x000000000f2435f8]

GC Heap History (10 events):
Event: 0.558 GC heap before
{Heap before GC invocations=2 (full 0):
 PSYoungGen      total 28672K, used 26931K [0x00000000e0780000, 0x00000000e2780000, 0x0000000100000000)
  eden space 24576K, 100% used [0x00000000e0780000,0x00000000e1f80000,0x00000000e1f80000)
  from space 4096K, 57% used [0x00000000e1f80000,0x00000000e21ccf20,0x00000000e2380000)
  to   space 4096K, 0% used [0x00000000e2380000,0x00000000e2380000,0x00000000e2780000)
 ParOldGen       total 65536K, used 8K [0x00000000a1600000, 0x00000000a5600000, 0x00000000e0780000)
  object space 65536K, 0% used [0x00000000a1600000,0x00000000a1602000,0x00000000a5600000)
 Metaspace       used 5057K, capacity 5763K, committed 6016K, reserved 1056768K
  class space    used 495K, capacity 528K, committed 640K, reserved 1048576K
Event: 0.561 GC heap after
Heap after GC invocations=2 (full 0):
 PSYoungGen      total 28672K, used 2860K [0x00000000e0780000, 0x00000000e3f80000, 0x0000000100000000)
  eden space 24576K, 0% used [0x00000000e0780000,0x00000000e0780000,0x00000000e1f80000)
  from space 4096K, 69% used [0x00000000e2380000,0x00000000e264b348,0x00000000e2780000)
  to   space 4096K, 0% used [0x00000000e1f80000,0x00000000e1f80000,0x00000000e2380000)
 ParOldGen       total 65536K, used 16K [0x00000000a1600000, 0x00000000a5600000, 0x00000000e0780000)
  object space 65536K, 0% used [0x00000000a1600000,0x00000000a1604000,0x00000000a5600000)
 Metaspace       used 5057K, capacity 5763K, committed 6016K, reserved 1056768K
  class space    used 495K, capacity 528K, committed 640K, reserved 1048576K
}
Event: 0.590 GC heap before
{Heap before GC invocations=3 (full 0):
 PSYoungGen      total 28672K, used 27436K [0x00000000e0780000, 0x00000000e3f80000, 0x0000000100000000)
  eden space 24576K, 100% used [0x00000000e0780000,0x00000000e1f80000,0x00000000e1f80000)
  from space 4096K, 69% used [0x00000000e2380000,0x00000000e264b348,0x00000000e2780000)
  to   space 4096K, 0% used [0x00000000e1f80000,0x00000000e1f80000,0x00000000e2380000)
 ParOldGen       total 65536K, used 16K [0x00000000a1600000, 0x00000000a5600000, 0x00000000e0780000)
  object space 65536K, 0% used [0x00000000a1600000,0x00000000a1604000,0x00000000a5600000)
 Metaspace       used 5063K, capacity 5763K, committed 6016K, reserved 1056768K
  class space    used 495K, capacity 528K, committed 640K, reserved 1048576K
Event: 0.595 GC heap after
Heap after GC invocations=3 (full 0):
 PSYoungGen      total 28672K, used 3775K [0x00000000e0780000, 0x00000000e3f80000, 0x0000000100000000)
  eden space 24576K, 0% used [0x00000000e0780000,0x00000000e0780000,0x00000000e1f80000)
  from space 4096K, 92% used [0x00000000e1f80000,0x00000000e232fcd0,0x00000000e2380000)
  to   space 4096K, 0% used [0x00000000e3b80000,0x00000000e3b80000,0x00000000e3f80000)
 ParOldGen       total 65536K, used 16K [0x00000000a1600000, 0x00000000a5600000, 0x00000000e0780000)
  object space 65536K, 0% used [0x00000000a1600000,0x00000000a1604000,0x00000000a5600000)
 Metaspace       used 5063K, capacity 5763K, committed 6016K, reserved 1056768K
  class space    used 495K, capacity 528K, committed 640K, reserved 1048576K
}
Event: 0.642 GC heap before
{Heap before GC invocations=4 (full 0):
 PSYoungGen      total 28672K, used 28351K [0x00000000e0780000, 0x00000000e3f80000, 0x0000000100000000)
  eden space 24576K, 100% used [0x00000000e0780000,0x00000000e1f80000,0x00000000e1f80000)
  from space 4096K, 92% used [0x00000000e1f80000,0x00000000e232fcd0,0x00000000e2380000)
  to   space 4096K, 0% used [0x00000000e3b80000,0x00000000e3b80000,0x00000000e3f80000)
 ParOldGen       total 65536K, used 16K [0x00000000a1600000, 0x00000000a5600000, 0x00000000e0780000)
  object space 65536K, 0% used [0x00000000a1600000,0x00000000a1604000,0x00000000a5600000)
 Metaspace       used 5077K, capacity 5763K, committed 6016K, reserved 1056768K
  class space    used 495K, capacity 528K, committed 640K, reserved 1048576K
Event: 0.669 GC heap after
Heap after GC invocations=4 (full 0):
 PSYoungGen      total 53248K, used 4079K [0x00000000e0780000, 0x00000000e3f80000, 0x0000000100000000)
  eden space 49152K, 0% used [0x00000000e0780000,0x00000000e0780000,0x00000000e3780000)
  from space 4096K, 99% used [0x00000000e3b80000,0x00000000e3f7bf30,0x00000000e3f80000)
  to   space 4096K, 0% used [0x00000000e3780000,0x00000000e3780000,0x00000000e3b80000)
 ParOldGen       total 65536K, used 1645K [0x00000000a1600000, 0x00000000a5600000, 0x00000000e0780000)
  object space 65536K, 2% used [0x00000000a1600000,0x00000000a179b7a0,0x00000000a5600000)
 Metaspace       used 5077K, capacity 5763K, committed 6016K, reserved 1056768K
  class space    used 495K, capacity 528K, committed 640K, reserved 1048576K
}
Event: 0.725 GC heap before
{Heap before GC invocations=5 (full 0):
 PSYoungGen      total 53248K, used 53231K [0x00000000e0780000, 0x00000000e3f80000, 0x0000000100000000)
  eden space 49152K, 100% used [0x00000000e0780000,0x00000000e3780000,0x00000000e3780000)
  from space 4096K, 99% used [0x00000000e3b80000,0x00000000e3f7bf30,0x00000000e3f80000)
  to   space 4096K, 0% used [0x00000000e3780000,0x00000000e3780000,0x00000000e3b80000)
 ParOldGen       total 65536K, used 1645K [0x00000000a1600000, 0x00000000a5600000, 0x00000000e0780000)
  object space 65536K, 2% used [0x00000000a1600000,0x00000000a179b7a0,0x00000000a5600000)
 Metaspace       used 5077K, capacity 5763K, committed 6016K, reserved 1056768K
  class space    used 495K, capacity 528K, committed 640K, reserved 1048576K
Event: 0.757 GC heap after
Heap after GC invocations=5 (full 0):
 PSYoungGen      total 53248K, used 4087K [0x00000000e0780000, 0x00000000e7580000, 0x0000000100000000)
  eden space 49152K, 0% used [0x00000000e0780000,0x00000000e0780000,0x00000000e3780000)
  from space 4096K, 99% used [0x00000000e3780000,0x00000000e3b7df38,0x00000000e3b80000)
  to   space 7168K, 0% used [0x00000000e6e80000,0x00000000e6e80000,0x00000000e7580000)
 ParOldGen       total 65536K, used 3589K [0x00000000a1600000, 0x00000000a5600000, 0x00000000e0780000)
  object space 65536K, 5% used [0x00000000a1600000,0x00000000a19817a0,0x00000000a5600000)
 Metaspace       used 5077K, capacity 5763K, committed 6016K, reserved 1056768K
  class space    used 495K, capacity 528K, committed 640K, reserved 1048576K
}
Event: 0.808 GC heap before
{Heap before GC invocations=6 (full 0):
 PSYoungGen      total 53248K, used 53239K [0x00000000e0780000, 0x00000000e7580000, 0x0000000100000000)
  eden space 49152K, 100% used [0x00000000e0780000,0x00000000e3780000,0x00000000e3780000)
  from space 4096K, 99% used [0x00000000e3780000,0x00000000e3b7df38,0x00000000e3b80000)
  to   space 7168K, 0% used [0x00000000e6e80000,0x00000000e6e80000,0x00000000e7580000)
 ParOldGen       total 65536K, used 3589K [0x00000000a1600000, 0x00000000a5600000, 0x00000000e0780000)
  object space 65536K, 5% used [0x00000000a1600000,0x00000000a19817a0,0x00000000a5600000)
 Metaspace       used 5077K, capacity 5763K, committed 6016K, reserved 1056768K
  class space    used 495K, capacity 528K, committed 640K, reserved 1048576K
Event: 0.818 GC heap after
Heap after GC invocations=6 (full 0):
 PSYoungGen      total 104960K, used 5968K [0x00000000e0780000, 0x00000000e7680000, 0x0000000100000000)
  eden space 97792K, 0% used [0x00000000e0780000,0x00000000e0780000,0x00000000e6700000)
  from space 7168K, 83% used [0x00000000e6e80000,0x00000000e74541b8,0x00000000e7580000)
  to   space 7680K, 0% used [0x00000000e6700000,0x00000000e6700000,0x00000000e6e80000)
 ParOldGen       total 65536K, used 3589K [0x00000000a1600000, 0x00000000a5600000, 0x00000000e0780000)
  object space 65536K, 5% used [0x00000000a1600000,0x00000000a19817a0,0x00000000a5600000)
 Metaspace       used 5077K, capacity 5763K, committed 6016K, reserved 1056768K
  class space    used 495K, capacity 528K, committed 640K, reserved 1048576K
}

Deoptimization events (10 events):
Event: 0.430 Thread 0x00000000021fd800 Uncommon trap: reason=unstable_if action=reinterpret pc=0x000000000f1da0f0 method=sun.misc.FloatingDecimal$ASCIIToBinaryBuffer.floatValue()F @ 70
Event: 0.434 Thread 0x00000000021fd800 Uncommon trap: reason=predicate action=maybe_recompile pc=0x000000000f1de264 method=java.util.AbstractCollection.toArray([Ljava/lang/Object;)[Ljava/lang/Object; @ 49
Event: 0.453 Thread 0x00000000021fd800 Uncommon trap: reason=array_check action=maybe_recompile pc=0x000000000f1e8090 method=java.util.AbstractCollection.toArray([Ljava/lang/Object;)[Ljava/lang/Object; @ 119
Event: 0.453 Thread 0x00000000021fd800 Uncommon trap: reason=array_check action=maybe_recompile pc=0x000000000f1e8090 method=java.util.AbstractCollection.toArray([Ljava/lang/Object;)[Ljava/lang/Object; @ 119
Event: 0.453 Thread 0x00000000021fd800 Uncommon trap: reason=array_check action=maybe_recompile pc=0x000000000f1e8090 method=java.util.AbstractCollection.toArray([Ljava/lang/Object;)[Ljava/lang/Object; @ 119
Event: 0.453 Thread 0x00000000021fd800 Uncommon trap: reason=array_check action=maybe_recompile pc=0x000000000f1e8090 method=java.util.AbstractCollection.toArray([Ljava/lang/Object;)[Ljava/lang/Object; @ 119
Event: 0.465 Thread 0x00000000021fd800 Uncommon trap: reason=unstable_if action=reinterpret pc=0x000000000f1e10d8 method=sun.misc.FloatingDecimal.readJavaFormatString(Ljava/lang/String;)Lsun/misc/FloatingDecimal$ASCIIToBinaryConverter; @ 235
Event: 0.859 Thread 0x00000000021fd800 Uncommon trap: reason=unstable_if action=reinterpret pc=0x000000000f233d0c method=java.util.ArrayList$Itr.hasNext()Z @ 11
Event: 0.912 Thread 0x00000000021fd800 Uncommon trap: reason=unstable_if action=reinterpret pc=0x000000000f1dcd08 method=java.lang.String.<init>([CII)V @ 18
Event: 0.912 Thread 0x00000000021fd800 Uncommon trap: reason=unstable_if action=reinterpret pc=0x000000000f1c81cc method=java.lang.String.<init>([CII)V @ 18

Internal exceptions (6 events):
Event: 0.044 Thread 0x00000000021fd800 Exception <a 'java/lang/NoSuchMethodError': Method sun.misc.Unsafe.defineClass(Ljava/lang/String;[BII)Ljava/lang/Class; name or signature does not match> (0x00000000e078cd98) thrown at [C:\re\workspace\8-2-build-windows-amd64-cygwin\jdk8u71\5731\hotspot\sr9ÏlÇµq¦?
Event: 0.044 Thread 0x00000000021fd800 Exception <a 'java/lang/NoSuchMethodError': Method sun.misc.Unsafe.prefetchRead(Ljava/lang/Object;J)V name or signature does not match> (0x00000000e078d080) thrown at [C:\re\workspace\8-2-build-windows-amd64-cygwin\jdk8u71\5731\hotspot\src\share\vm\prims\jÊˆtí“Õ?
Event: 0.337 Thread 0x00000000021fd800 Exception <a 'java/security/PrivilegedActionException'> (0x00000000e0c47680) thrown at [C:\re\workspace\8-2-build-windows-amd64-cygwin\jdk8u71\5731\hotspot\src\share\vm\prims\jvm.cpp, line 1386]
Event: 0.337 Thread 0x00000000021fd800 Exception <a 'java/security/PrivilegedActionException'> (0x00000000e0c47a78) thrown at [C:\re\workspace\8-2-build-windows-amd64-cygwin\jdk8u71\5731\hotspot\src\share\vm\prims\jvm.cpp, line 1386]
Event: 0.338 Thread 0x00000000021fd800 Exception <a 'java/security/PrivilegedActionException'> (0x00000000e0c4b9f0) thrown at [C:\re\workspace\8-2-build-windows-amd64-cygwin\jdk8u71\5731\hotspot\src\share\vm\prims\jvm.cpp, line 1386]
Event: 0.338 Thread 0x00000000021fd800 Exception <a 'java/security/PrivilegedActionException'> (0x00000000e0c4bde8) thrown at [C:\re\workspace\8-2-build-windows-amd64-cygwin\jdk8u71\5731\hotspot\src\share\vm\prims\jvm.cpp, line 1386]

Events (10 events):
Event: 0.982 loading class partsys/FloorRenderer
Event: 0.982 loading class partsys/FloorRenderer done
Event: 0.985 loading class util/Maths
Event: 0.985 loading class util/Maths done
Event: 0.986 loading class java/util/HashMap$KeySet
Event: 0.986 loading class java/util/HashMap$KeySet done
Event: 0.986 loading class java/util/HashMap$KeyIterator
Event: 0.986 loading class java/util/HashMap$KeyIterator done
Event: 0.986 loading class org/lwjgl/opengl/GL13
Event: 0.986 loading class org/lwjgl/opengl/GL13 done


Dynamic libraries:
0x000000013f990000 - 0x000000013f9c7000 	C:\Program Files\Java\jre1.8.0_71\bin\javaw.exe
0x0000000076eb0000 - 0x0000000077059000 	C:\Windows\SYSTEM32\ntdll.dll
0x0000000076c90000 - 0x0000000076daf000 	C:\Windows\system32\kernel32.dll
0x000007fefccc0000 - 0x000007fefcd2c000 	C:\Windows\system32\KERNELBASE.dll
0x000007fefee70000 - 0x000007fefef4b000 	C:\Windows\system32\ADVAPI32.dll
0x000007fefda00000 - 0x000007fefda9f000 	C:\Windows\system32\msvcrt.dll
0x000007fefee50000 - 0x000007fefee6f000 	C:\Windows\SYSTEM32\sechost.dll
0x000007fefd3d0000 - 0x000007fefd4fd000 	C:\Windows\system32\RPCRT4.dll
0x0000000076db0000 - 0x0000000076eaa000 	C:\Windows\system32\USER32.dll
0x000007fefd760000 - 0x000007fefd7c7000 	C:\Windows\system32\GDI32.dll
0x000007fefdab0000 - 0x000007fefdabe000 	C:\Windows\system32\LPK.dll
0x000007fefd030000 - 0x000007fefd0fa000 	C:\Windows\system32\USP10.dll
0x000007fefb8b0000 - 0x000007fefbaa4000 	C:\Windows\WinSxS\amd64_microsoft.windows.common-controls_6595b64144ccf1df_6.0.7601.18837_none_fa3b1e3d17594757\COMCTL32.dll
0x000007fefe040000 - 0x000007fefe0b1000 	C:\Windows\system32\SHLWAPI.dll
0x000007fefd500000 - 0x000007fefd52e000 	C:\Windows\system32\IMM32.DLL
0x000007fefd650000 - 0x000007fefd759000 	C:\Windows\system32\MSCTF.dll
0x000007fefcb80000 - 0x000007fefcbb1000 	C:\Windows\system32\nvinitx.dll
0x000007fefcb70000 - 0x000007fefcb7c000 	C:\Windows\system32\VERSION.dll
0x000000000f000000 - 0x000000000f006000 	C:\Program Files\NVIDIA Corporation\CoProcManager\detoured.dll
0x000007fef9c50000 - 0x000007fef9c81000 	C:\Program Files\NVIDIA Corporation\CoProcManager\nvd3d9wrapx.dll
0x000007fefde60000 - 0x000007fefe037000 	C:\Windows\system32\SETUPAPI.dll
0x000007fefcc70000 - 0x000007fefcca6000 	C:\Windows\system32\CFGMGR32.dll
0x000007fefdb10000 - 0x000007fefdbe7000 	C:\Windows\system32\OLEAUT32.dll
0x000007fefdbf0000 - 0x000007fefddf3000 	C:\Windows\system32\ole32.dll
0x000007fefcda0000 - 0x000007fefcdba000 	C:\Windows\system32\DEVOBJ.dll
0x000007fef9c20000 - 0x000007fef9c42000 	C:\Program Files\NVIDIA Corporation\CoProcManager\nvdxgiwrapx.dll
0x000000006d570000 - 0x000000006d642000 	C:\Program Files\Java\jre1.8.0_71\bin\msvcr100.dll
0x0000000077770000 - 0x0000000077fff000 	C:\Program Files\Java\jre1.8.0_71\bin\server\jvm.dll
0x000007fef8e30000 - 0x000007fef8e39000 	C:\Windows\system32\WSOCK32.dll
0x000007fefdac0000 - 0x000007fefdb0d000 	C:\Windows\system32\WS2_32.dll
0x000007fefdaa0000 - 0x000007fefdaa8000 	C:\Windows\system32\NSI.dll
0x000007fefa010000 - 0x000007fefa04b000 	C:\Windows\system32\WINMM.dll
0x0000000077070000 - 0x0000000077077000 	C:\Windows\system32\PSAPI.DLL
0x000000006d560000 - 0x000000006d56f000 	C:\Program Files\Java\jre1.8.0_71\bin\verify.dll
0x000000006d530000 - 0x000000006d559000 	C:\Program Files\Java\jre1.8.0_71\bin\java.dll
0x000000006d510000 - 0x000000006d526000 	C:\Program Files\Java\jre1.8.0_71\bin\zip.dll
0x000007fefe0c0000 - 0x000007fefee49000 	C:\Windows\system32\SHELL32.dll
0x000007fefcc60000 - 0x000007fefcc6f000 	C:\Windows\system32\profapi.dll
0x0000000180000000 - 0x0000000180053000 	C:\Users\Pri\Documents\GitHub\lwjgl2\native\windows\lwjgl64.dll
0x000007fef0490000 - 0x000007fef05ad000 	C:\Windows\system32\OPENGL32.dll
0x000007fef7730000 - 0x000007fef775d000 	C:\Windows\system32\GLU32.dll
0x000007fef2430000 - 0x000007fef2521000 	C:\Windows\system32\DDRAW.dll
0x000007fef2420000 - 0x000007fef2428000 	C:\Windows\system32\DCIMAN32.dll
0x000007fefb2a0000 - 0x000007fefb2b8000 	C:\Windows\system32\dwmapi.dll
0x000007fefb6d0000 - 0x000007fefb726000 	C:\Windows\system32\uxtheme.dll
0x000007fefcd60000 - 0x000007fefcd9b000 	C:\Windows\system32\WINTRUST.dll
0x000007fefcea0000 - 0x000007fefd00d000 	C:\Windows\system32\CRYPT32.dll
0x000007fefcc50000 - 0x000007fefcc5f000 	C:\Windows\system32\MSASN1.dll
0x0000000009650000 - 0x000000000a83d000 	C:\Windows\system32\ig4icd64.dll
0x000007fefcaa0000 - 0x000007fefcaaf000 	C:\Windows\system32\CRYPTBASE.dll
0x000007fefa050000 - 0x000007fefa0ec000 	C:\Windows\system32\mscms.dll
0x000007fefcd30000 - 0x000007fefcd4e000 	C:\Windows\system32\USERENV.dll
0x000007feefc00000 - 0x000007feefc42000 	C:\Windows\system32\icm32.dll
0x000000000ea10000 - 0x000000000eba8000 	C:\Program Files\Java\jre1.8.0_71\bin\awt.dll
0x000007fef0fd0000 - 0x000007fef10f5000 	C:\Windows\system32\dbghelp.dll

VM Arguments:
jvm_args: -Djava.library.path=C:\Users\Pri\Documents\GitHub\lwjgl2\native\windows -Dfile.encoding=Cp1252 
java_command: partsys.MainLoop
java_class_path (initial): C:\Users\Pri\Documents\GitHub\partsys\bin;C:\Users\Pri\Documents\GitHub\PNGDecoder\PNGDecoder.jar;C:\Users\Pri\Documents\GitHub\lwjgl2\jar\lwjgl.jar;C:\Users\Pri\Documents\GitHub\lwjgl2\jar\lwjgl_util.jar;C:\Users\Pri\Documents\GitHub\slick-util\lib\slick-util.jar
Launcher Type: SUN_STANDARD

Environment Variables:
PATH=C:\ProgramData\Oracle\Java\javapath;C:\Windows\system32;C:\Windows;C:\Windows\System32\Wbem;C:\Windows\System32\WindowsPowerShell\v1.0\;;C:\Program Files\Intel\WiFi\bin\;C:\Program Files\Common Files\Intel\WirelessCommon\;C:\Program Files (x86)\NVIDIA Corporation\PhysX\Common;C:\Program Files (x86)\Skype\Phone\
USERNAME=Pri
OS=Windows_NT
PROCESSOR_IDENTIFIER=Intel64 Family 6 Model 42 Stepping 7, GenuineIntel



---------------  S Y S T E M  ---------------

OS: Windows 7 , 64 bit Build 7601 (6.1.7601.19110)

CPU:total 4 (2 cores per cpu, 2 threads per core) family 6 model 42 stepping 7, cmov, cx8, fxsr, mmx, sse, sse2, sse3, ssse3, sse4.1, sse4.2, popcnt, avx, clmul, ht, tsc, tscinvbit

Memory: 4k page, physical 6193204k(1146168k free), swap 12384572k(4484540k free)

vm_info: Java HotSpot(TM) 64-Bit Server VM (25.71-b15) for windows-amd64 JRE (1.8.0_71-b15), built on Dec 22 2015 18:15:55 by "java_re" with MS VC++ 10.0 (VS2010)

time: Sun Jan 24 18:27:17 2016
elapsed time: 0 seconds (0d 0h 0m 0s)

