#
# A fatal error has been detected by the Java Runtime Environment:
#
#  EXCEPTION_ACCESS_VIOLATION (0xc0000005) at pc=0x0000000009562110, pid=5520, tid=9776
#
# JRE version: Java(TM) SE Runtime Environment (8.0_71-b15) (build 1.8.0_71-b15)
# Java VM: Java HotSpot(TM) 64-Bit Server VM (25.71-b15 mixed mode windows-amd64 compressed oops)
# Problematic frame:
# C  [ig4icd64.dll+0x12110]
#
# Failed to write core dump. Minidumps are not enabled by default on client versions of Windows
#
# If you would like to submit a bug report, please visit:
#   http://bugreport.java.com/bugreport/crash.jsp
# The crash happened outside the Java Virtual Machine in native code.
# See problematic frame for where to report the bug.
#

---------------  T H R E A D  ---------------

Current thread (0x000000000213d800):  JavaThread "main" [_thread_in_native, id=9776, stack(0x0000000002280000,0x0000000002380000)]

siginfo: ExceptionCode=0xc0000005, reading address 0x0000000000000000

Registers:
RAX=0x0000000000000000, RBX=0x0000000000000018, RCX=0x000000005f0ca000, RDX=0x0000000000000000
RSP=0x000000000237f240, RBP=0x0000000000000000, RSI=0x00000000093d7000, RDI=0x000000005f0ca000
R8 =0x0000000000000230, R9 =0x0000000000000000, R10=0x0000000000000004, R11=0x0000000000000000
R12=0x00000000093e5820, R13=0x0000000000000230, R14=0x0000000000000000, R15=0x000000000c875040
RIP=0x0000000009562110, EFLAGS=0x0000000000010202

Top of Stack: (sp=0x000000000237f240)
0x000000000237f240:   0000000000000230 00000000093d7000
0x000000000237f250:   0000000000000002 0000000009d71d29
0x000000000237f260:   cafebabecafebabe 0000000000000000
0x000000000237f270:   0000000000000030 0000000000000000
0x000000000237f280:   000000005f0ca000 0000000009d69808
0x000000000237f290:   000000000c860cb8 0000000000000018
0x000000000237f2a0:   0000000000000002 0000000000000000
0x000000000237f2b0:   0000000000000004 0000000000000002
0x000000000237f2c0:   000000000c875060 0000000000000000
0x000000000237f2d0:   0000000000000004 0000000000000000
0x000000000237f2e0:   0000000000000024 0000000000000000
0x000000000237f2f0:   00000000093d7000 0000000000000000
0x000000000237f300:   0000000000000024 0000000000000000
0x000000000237f310:   0000000000000000 0000000009d69ae9
0x000000000237f320:   0000000000000000 0000000000000000
0x000000000237f330:   0000000000000018 0000000000000001 

Instructions: (pc=0x0000000009562110)
0x00000000095620f0:   c2 10 66 0f 7f 41 f0 49 3b c3 72 e4 e9 ab 00 00
0x0000000009562100:   00 4d 8b d0 45 8b d9 49 c1 ea 07 4d 85 d2 74 62
0x0000000009562110:   66 0f 6f 3a 66 0f 6f 72 10 66 0f 6f 6a 20 41 ff
0x0000000009562120:   c3 48 83 e9 80 41 8b c3 66 0f 6f 62 30 66 0f 6f 


Register to memory mapping:

RAX=0x0000000000000000 is an unknown value
RBX=0x0000000000000018 is an unknown value
RCX=0x000000005f0ca000 is an unknown value
RDX=0x0000000000000000 is an unknown value
RSP=0x000000000237f240 is pointing into the stack for thread: 0x000000000213d800
RBP=0x0000000000000000 is an unknown value
RSI=0x00000000093d7000 is an unknown value
RDI=0x000000005f0ca000 is an unknown value
R8 =0x0000000000000230 is an unknown value
R9 =0x0000000000000000 is an unknown value
R10=0x0000000000000004 is an unknown value
R11=0x0000000000000000 is an unknown value
R12=0x00000000093e5820 is an unknown value
R13=0x0000000000000230 is an unknown value
R14=0x0000000000000000 is an unknown value
R15=0x000000000c875040 is an unknown value


Stack: [0x0000000002280000,0x0000000002380000],  sp=0x000000000237f240,  free space=1020k
Native frames: (J=compiled Java code, j=interpreted, Vv=VM code, C=native code)

Java frames: (J=compiled Java code, j=interpreted, Vv=VM code)
j  org.lwjgl.opengl.GL11.nglDrawElementsBO(IIIJJ)V+0
j  org.lwjgl.opengl.GL11.glDrawElements(IIIJ)V+28
j  partsys.ModelRenderer.render(Ljava/util/Map;)V+84
j  partsys.Renderer.render(Lpartsys/Light;Lpartsys/Camera;)V+35
j  partsys.MainLoop.main([Ljava/lang/String;)V+1206
v  ~StubRoutines::call_stub

---------------  P R O C E S S  ---------------

Java Threads: ( => current thread )
  0x00000000089c5800 JavaThread "Service Thread" daemon [_thread_blocked, id=3972, stack(0x0000000008f80000,0x0000000009080000)]
  0x0000000008958800 JavaThread "C1 CompilerThread2" daemon [_thread_blocked, id=1200, stack(0x0000000009080000,0x0000000009180000)]
  0x00000000071ae000 JavaThread "C2 CompilerThread1" daemon [_thread_blocked, id=8080, stack(0x0000000008e40000,0x0000000008f40000)]
  0x00000000071a3800 JavaThread "C2 CompilerThread0" daemon [_thread_blocked, id=9164, stack(0x0000000008850000,0x0000000008950000)]
  0x00000000071a1800 JavaThread "Attach Listener" daemon [_thread_blocked, id=9180, stack(0x00000000086f0000,0x00000000087f0000)]
  0x000000000719e800 JavaThread "Signal Dispatcher" daemon [_thread_blocked, id=8444, stack(0x00000000083a0000,0x00000000084a0000)]
  0x0000000007146800 JavaThread "Finalizer" daemon [_thread_blocked, id=3448, stack(0x00000000084a0000,0x00000000085a0000)]
  0x000000000713f800 JavaThread "Reference Handler" daemon [_thread_blocked, id=7780, stack(0x00000000082a0000,0x00000000083a0000)]
=>0x000000000213d800 JavaThread "main" [_thread_in_native, id=9776, stack(0x0000000002280000,0x0000000002380000)]

Other Threads:
  0x000000000713a000 VMThread [stack: 0x0000000008150000,0x0000000008250000] [id=2448]
  0x00000000089de000 WatcherThread [stack: 0x00000000092d0000,0x00000000093d0000] [id=4940]

VM state:not at safepoint (normal execution)

VM Mutex/Monitor currently owned by a thread: None

Heap:
 PSYoungGen      total 104960K, used 47527K [0x00000000e0780000, 0x00000000e7680000, 0x0000000100000000)
  eden space 97792K, 42% used [0x00000000e0780000,0x00000000e3014438,0x00000000e6700000)
  from space 7168K, 83% used [0x00000000e6e80000,0x00000000e7455948,0x00000000e7580000)
  to   space 7680K, 0% used [0x00000000e6700000,0x00000000e6700000,0x00000000e6e80000)
 ParOldGen       total 65536K, used 3592K [0x00000000a1600000, 0x00000000a5600000, 0x00000000e0780000)
  object space 65536K, 5% used [0x00000000a1600000,0x00000000a1982000,0x00000000a5600000)
 Metaspace       used 5274K, capacity 5923K, committed 6016K, reserved 1056768K
  class space    used 507K, capacity 560K, committed 640K, reserved 1048576K

Card table byte_map: [0x0000000002aa0000,0x0000000002da0000] byte_map_base: 0x0000000002595000

Marking Bits: (ParMarkBitMap*) 0x0000000077f7f600
 Begin Bits: [0x0000000003560000, 0x0000000004d08000)
 End Bits:   [0x0000000004d08000, 0x00000000064b0000)

Polling page: 0x0000000000130000

CodeCache: size=245760Kb used=2374Kb max_used=2412Kb free=243385Kb
 bounds [0x000000000f010000, 0x000000000f280000, 0x000000001e010000]
 total_blobs=826 nmethods=434 adapters=305
 compilation: enabled

Compilation events (10 events):
Event: 0.929 Thread 0x0000000008958800  431       3       java.util.WeakHashMap::getTable (9 bytes)
Event: 0.929 Thread 0x0000000008958800 nmethod 431 0x000000000f24d750 code [0x000000000f24d8c0, 0x000000000f24da68]
Event: 0.929 Thread 0x0000000008958800  429       3       sun.net.www.protocol.file.Handler::parseURL (18 bytes)
Event: 0.929 Thread 0x0000000008958800 nmethod 429 0x000000000f24db10 code [0x000000000f24dc80, 0x000000000f24def8]
Event: 0.929 Thread 0x0000000008958800  432   !   3       java.util.WeakHashMap::expungeStaleEntries (139 bytes)
Event: 0.930 Thread 0x0000000008958800 nmethod 432 0x000000000f24e010 code [0x000000000f24e1e0, 0x000000000f24eca8]
Event: 0.930 Thread 0x0000000008958800  433       3       java.util.WeakHashMap::indexFor (6 bytes)
Event: 0.930 Thread 0x0000000008958800 nmethod 433 0x000000000f24f2d0 code [0x000000000f24f420, 0x000000000f24f550]
Event: 0.930 Thread 0x0000000008958800  434       3       java.security.CodeSource::getCertificates (98 bytes)
Event: 0.931 Thread 0x0000000008958800 nmethod 434 0x000000000f24f5d0 code [0x000000000f24f800, 0x000000000f2503b8]

GC Heap History (10 events):
Event: 0.554 GC heap before
{Heap before GC invocations=2 (full 0):
 PSYoungGen      total 28672K, used 26931K [0x00000000e0780000, 0x00000000e2780000, 0x0000000100000000)
  eden space 24576K, 100% used [0x00000000e0780000,0x00000000e1f80000,0x00000000e1f80000)
  from space 4096K, 57% used [0x00000000e1f80000,0x00000000e21ccf20,0x00000000e2380000)
  to   space 4096K, 0% used [0x00000000e2380000,0x00000000e2380000,0x00000000e2780000)
 ParOldGen       total 65536K, used 8K [0x00000000a1600000, 0x00000000a5600000, 0x00000000e0780000)
  object space 65536K, 0% used [0x00000000a1600000,0x00000000a1602000,0x00000000a5600000)
 Metaspace       used 5057K, capacity 5763K, committed 6016K, reserved 1056768K
  class space    used 495K, capacity 528K, committed 640K, reserved 1048576K
Event: 0.558 GC heap after
Heap after GC invocations=2 (full 0):
 PSYoungGen      total 28672K, used 2844K [0x00000000e0780000, 0x00000000e3f80000, 0x0000000100000000)
  eden space 24576K, 0% used [0x00000000e0780000,0x00000000e0780000,0x00000000e1f80000)
  from space 4096K, 69% used [0x00000000e2380000,0x00000000e2647358,0x00000000e2780000)
  to   space 4096K, 0% used [0x00000000e1f80000,0x00000000e1f80000,0x00000000e2380000)
 ParOldGen       total 65536K, used 16K [0x00000000a1600000, 0x00000000a5600000, 0x00000000e0780000)
  object space 65536K, 0% used [0x00000000a1600000,0x00000000a1604000,0x00000000a5600000)
 Metaspace       used 5057K, capacity 5763K, committed 6016K, reserved 1056768K
  class space    used 495K, capacity 528K, committed 640K, reserved 1048576K
}
Event: 0.583 GC heap before
{Heap before GC invocations=3 (full 0):
 PSYoungGen      total 28672K, used 27420K [0x00000000e0780000, 0x00000000e3f80000, 0x0000000100000000)
  eden space 24576K, 100% used [0x00000000e0780000,0x00000000e1f80000,0x00000000e1f80000)
  from space 4096K, 69% used [0x00000000e2380000,0x00000000e2647358,0x00000000e2780000)
  to   space 4096K, 0% used [0x00000000e1f80000,0x00000000e1f80000,0x00000000e2380000)
 ParOldGen       total 65536K, used 16K [0x00000000a1600000, 0x00000000a5600000, 0x00000000e0780000)
  object space 65536K, 0% used [0x00000000a1600000,0x00000000a1604000,0x00000000a5600000)
 Metaspace       used 5063K, capacity 5763K, committed 6016K, reserved 1056768K
  class space    used 495K, capacity 528K, committed 640K, reserved 1048576K
Event: 0.588 GC heap after
Heap after GC invocations=3 (full 0):
 PSYoungGen      total 28672K, used 3807K [0x00000000e0780000, 0x00000000e3f80000, 0x0000000100000000)
  eden space 24576K, 0% used [0x00000000e0780000,0x00000000e0780000,0x00000000e1f80000)
  from space 4096K, 92% used [0x00000000e1f80000,0x00000000e2337cd0,0x00000000e2380000)
  to   space 4096K, 0% used [0x00000000e3b80000,0x00000000e3b80000,0x00000000e3f80000)
 ParOldGen       total 65536K, used 16K [0x00000000a1600000, 0x00000000a5600000, 0x00000000e0780000)
  object space 65536K, 0% used [0x00000000a1600000,0x00000000a1604000,0x00000000a5600000)
 Metaspace       used 5063K, capacity 5763K, committed 6016K, reserved 1056768K
  class space    used 495K, capacity 528K, committed 640K, reserved 1048576K
}
Event: 0.620 GC heap before
{Heap before GC invocations=4 (full 0):
 PSYoungGen      total 28672K, used 28383K [0x00000000e0780000, 0x00000000e3f80000, 0x0000000100000000)
  eden space 24576K, 100% used [0x00000000e0780000,0x00000000e1f80000,0x00000000e1f80000)
  from space 4096K, 92% used [0x00000000e1f80000,0x00000000e2337cd0,0x00000000e2380000)
  to   space 4096K, 0% used [0x00000000e3b80000,0x00000000e3b80000,0x00000000e3f80000)
 ParOldGen       total 65536K, used 16K [0x00000000a1600000, 0x00000000a5600000, 0x00000000e0780000)
  object space 65536K, 0% used [0x00000000a1600000,0x00000000a1604000,0x00000000a5600000)
 Metaspace       used 5076K, capacity 5763K, committed 6016K, reserved 1056768K
  class space    used 495K, capacity 528K, committed 640K, reserved 1048576K
Event: 0.630 GC heap after
Heap after GC invocations=4 (full 0):
 PSYoungGen      total 53248K, used 4069K [0x00000000e0780000, 0x00000000e3f80000, 0x0000000100000000)
  eden space 49152K, 0% used [0x00000000e0780000,0x00000000e0780000,0x00000000e3780000)
  from space 4096K, 99% used [0x00000000e3b80000,0x00000000e3f796d0,0x00000000e3f80000)
  to   space 4096K, 0% used [0x00000000e3780000,0x00000000e3780000,0x00000000e3b80000)
 ParOldGen       total 65536K, used 1664K [0x00000000a1600000, 0x00000000a5600000, 0x00000000e0780000)
  object space 65536K, 2% used [0x00000000a1600000,0x00000000a17a0000,0x00000000a5600000)
 Metaspace       used 5076K, capacity 5763K, committed 6016K, reserved 1056768K
  class space    used 495K, capacity 528K, committed 640K, reserved 1048576K
}
Event: 0.701 GC heap before
{Heap before GC invocations=5 (full 0):
 PSYoungGen      total 53248K, used 53221K [0x00000000e0780000, 0x00000000e3f80000, 0x0000000100000000)
  eden space 49152K, 100% used [0x00000000e0780000,0x00000000e3780000,0x00000000e3780000)
  from space 4096K, 99% used [0x00000000e3b80000,0x00000000e3f796d0,0x00000000e3f80000)
  to   space 4096K, 0% used [0x00000000e3780000,0x00000000e3780000,0x00000000e3b80000)
 ParOldGen       total 65536K, used 1664K [0x00000000a1600000, 0x00000000a5600000, 0x00000000e0780000)
  object space 65536K, 2% used [0x00000000a1600000,0x00000000a17a0000,0x00000000a5600000)
 Metaspace       used 5076K, capacity 5763K, committed 6016K, reserved 1056768K
  class space    used 495K, capacity 528K, committed 640K, reserved 1048576K
Event: 0.711 GC heap after
Heap after GC invocations=5 (full 0):
 PSYoungGen      total 53248K, used 4093K [0x00000000e0780000, 0x00000000e7580000, 0x0000000100000000)
  eden space 49152K, 0% used [0x00000000e0780000,0x00000000e0780000,0x00000000e3780000)
  from space 4096K, 99% used [0x00000000e3780000,0x00000000e3b7f6c8,0x00000000e3b80000)
  to   space 7168K, 0% used [0x00000000e6e80000,0x00000000e6e80000,0x00000000e7580000)
 ParOldGen       total 65536K, used 3592K [0x00000000a1600000, 0x00000000a5600000, 0x00000000e0780000)
  object space 65536K, 5% used [0x00000000a1600000,0x00000000a1982000,0x00000000a5600000)
 Metaspace       used 5076K, capacity 5763K, committed 6016K, reserved 1056768K
  class space    used 495K, capacity 528K, committed 640K, reserved 1048576K
}
Event: 0.763 GC heap before
{Heap before GC invocations=6 (full 0):
 PSYoungGen      total 53248K, used 53245K [0x00000000e0780000, 0x00000000e7580000, 0x0000000100000000)
  eden space 49152K, 100% used [0x00000000e0780000,0x00000000e3780000,0x00000000e3780000)
  from space 4096K, 99% used [0x00000000e3780000,0x00000000e3b7f6c8,0x00000000e3b80000)
  to   space 7168K, 0% used [0x00000000e6e80000,0x00000000e6e80000,0x00000000e7580000)
 ParOldGen       total 65536K, used 3592K [0x00000000a1600000, 0x00000000a5600000, 0x00000000e0780000)
  object space 65536K, 5% used [0x00000000a1600000,0x00000000a1982000,0x00000000a5600000)
 Metaspace       used 5076K, capacity 5763K, committed 6016K, reserved 1056768K
  class space    used 495K, capacity 528K, committed 640K, reserved 1048576K
Event: 0.773 GC heap after
Heap after GC invocations=6 (full 0):
 PSYoungGen      total 104960K, used 5974K [0x00000000e0780000, 0x00000000e7680000, 0x0000000100000000)
  eden space 97792K, 0% used [0x00000000e0780000,0x00000000e0780000,0x00000000e6700000)
  from space 7168K, 83% used [0x00000000e6e80000,0x00000000e7455948,0x00000000e7580000)
  to   space 7680K, 0% used [0x00000000e6700000,0x00000000e6700000,0x00000000e6e80000)
 ParOldGen       total 65536K, used 3592K [0x00000000a1600000, 0x00000000a5600000, 0x00000000e0780000)
  object space 65536K, 5% used [0x00000000a1600000,0x00000000a1982000,0x00000000a5600000)
 Metaspace       used 5076K, capacity 5763K, committed 6016K, reserved 1056768K
  class space    used 495K, capacity 528K, committed 640K, reserved 1048576K
}

Deoptimization events (10 events):
Event: 0.428 Thread 0x000000000213d800 Uncommon trap: reason=predicate action=maybe_recompile pc=0x000000000f1df9a4 method=java.util.AbstractCollection.toArray([Ljava/lang/Object;)[Ljava/lang/Object; @ 49
Event: 0.430 Thread 0x000000000213d800 Uncommon trap: reason=unstable_if action=reinterpret pc=0x000000000f1deb70 method=sun.misc.FloatingDecimal$ASCIIToBinaryBuffer.floatValue()F @ 70
Event: 0.459 Thread 0x000000000213d800 Uncommon trap: reason=array_check action=maybe_recompile pc=0x000000000f1d3650 method=java.util.AbstractCollection.toArray([Ljava/lang/Object;)[Ljava/lang/Object; @ 119
Event: 0.459 Thread 0x000000000213d800 Uncommon trap: reason=array_check action=maybe_recompile pc=0x000000000f1d3650 method=java.util.AbstractCollection.toArray([Ljava/lang/Object;)[Ljava/lang/Object; @ 119
Event: 0.459 Thread 0x000000000213d800 Uncommon trap: reason=array_check action=maybe_recompile pc=0x000000000f1d3650 method=java.util.AbstractCollection.toArray([Ljava/lang/Object;)[Ljava/lang/Object; @ 119
Event: 0.459 Thread 0x000000000213d800 Uncommon trap: reason=array_check action=maybe_recompile pc=0x000000000f1d3650 method=java.util.AbstractCollection.toArray([Ljava/lang/Object;)[Ljava/lang/Object; @ 119
Event: 0.463 Thread 0x000000000213d800 Uncommon trap: reason=unstable_if action=reinterpret pc=0x000000000f1e4b68 method=sun.misc.FloatingDecimal.readJavaFormatString(Ljava/lang/String;)Lsun/misc/FloatingDecimal$ASCIIToBinaryConverter; @ 235
Event: 0.811 Thread 0x000000000213d800 Uncommon trap: reason=unstable_if action=reinterpret pc=0x000000000f233e8c method=java.util.ArrayList$Itr.hasNext()Z @ 11
Event: 0.876 Thread 0x000000000213d800 Uncommon trap: reason=unstable_if action=reinterpret pc=0x000000000f1e0cc8 method=java.lang.String.<init>([CII)V @ 18
Event: 0.876 Thread 0x000000000213d800 Uncommon trap: reason=unstable_if action=reinterpret pc=0x000000000f1d614c method=java.lang.String.<init>([CII)V @ 18

Internal exceptions (6 events):
Event: 0.034 Thread 0x000000000213d800 Exception <a 'java/lang/NoSuchMethodError': Method sun.misc.Unsafe.defineClass(Ljava/lang/String;[BII)Ljava/lang/Class; name or signature does not match> (0x00000000e078cd98) thrown at [C:\re\workspace\8-2-build-windows-amd64-cygwin\jdk8u71\5731\hotspot\srhùC8¡?
Event: 0.034 Thread 0x000000000213d800 Exception <a 'java/lang/NoSuchMethodError': Method sun.misc.Unsafe.prefetchRead(Ljava/lang/Object;J)V name or signature does not match> (0x00000000e078d080) thrown at [C:\re\workspace\8-2-build-windows-amd64-cygwin\jdk8u71\5731\hotspot\src\share\vm\prims\j÷Ê5‰™Õ?
Event: 0.330 Thread 0x000000000213d800 Exception <a 'java/security/PrivilegedActionException'> (0x00000000e0c47680) thrown at [C:\re\workspace\8-2-build-windows-amd64-cygwin\jdk8u71\5731\hotspot\src\share\vm\prims\jvm.cpp, line 1386]
Event: 0.330 Thread 0x000000000213d800 Exception <a 'java/security/PrivilegedActionException'> (0x00000000e0c47a78) thrown at [C:\re\workspace\8-2-build-windows-amd64-cygwin\jdk8u71\5731\hotspot\src\share\vm\prims\jvm.cpp, line 1386]
Event: 0.331 Thread 0x000000000213d800 Exception <a 'java/security/PrivilegedActionException'> (0x00000000e0c4b9f0) thrown at [C:\re\workspace\8-2-build-windows-amd64-cygwin\jdk8u71\5731\hotspot\src\share\vm\prims\jvm.cpp, line 1386]
Event: 0.331 Thread 0x000000000213d800 Exception <a 'java/security/PrivilegedActionException'> (0x00000000e0c4bde8) thrown at [C:\re\workspace\8-2-build-windows-amd64-cygwin\jdk8u71\5731\hotspot\src\share\vm\prims\jvm.cpp, line 1386]

Events (10 events):
Event: 0.933 loading class partsys/FloorRenderer
Event: 0.933 loading class partsys/FloorRenderer done
Event: 0.935 loading class util/Maths
Event: 0.935 loading class util/Maths done
Event: 0.936 loading class java/util/HashMap$KeySet
Event: 0.936 loading class java/util/HashMap$KeySet done
Event: 0.936 loading class java/util/HashMap$KeyIterator
Event: 0.936 loading class java/util/HashMap$KeyIterator done
Event: 0.936 loading class org/lwjgl/opengl/GL13
Event: 0.936 loading class org/lwjgl/opengl/GL13 done


Dynamic libraries:
0x000000013f990000 - 0x000000013f9c7000 	C:\Program Files\Java\jre1.8.0_71\bin\javaw.exe
0x0000000076eb0000 - 0x0000000077059000 	C:\Windows\SYSTEM32\ntdll.dll
0x0000000076c90000 - 0x0000000076daf000 	C:\Windows\system32\kernel32.dll
0x000007fefccc0000 - 0x000007fefcd2c000 	C:\Windows\system32\KERNELBASE.dll
0x000007fefee70000 - 0x000007fefef4b000 	C:\Windows\system32\ADVAPI32.dll
0x000007fefda00000 - 0x000007fefda9f000 	C:\Windows\system32\msvcrt.dll
0x000007fefee50000 - 0x000007fefee6f000 	C:\Windows\SYSTEM32\sechost.dll
0x000007fefd3d0000 - 0x000007fefd4fd000 	C:\Windows\system32\RPCRT4.dll
0x0000000076db0000 - 0x0000000076eaa000 	C:\Windows\system32\USER32.dll
0x000007fefd760000 - 0x000007fefd7c7000 	C:\Windows\system32\GDI32.dll
0x000007fefdab0000 - 0x000007fefdabe000 	C:\Windows\system32\LPK.dll
0x000007fefd030000 - 0x000007fefd0fa000 	C:\Windows\system32\USP10.dll
0x000007fefb8b0000 - 0x000007fefbaa4000 	C:\Windows\WinSxS\amd64_microsoft.windows.common-controls_6595b64144ccf1df_6.0.7601.18837_none_fa3b1e3d17594757\COMCTL32.dll
0x000007fefe040000 - 0x000007fefe0b1000 	C:\Windows\system32\SHLWAPI.dll
0x000007fefd500000 - 0x000007fefd52e000 	C:\Windows\system32\IMM32.DLL
0x000007fefd650000 - 0x000007fefd759000 	C:\Windows\system32\MSCTF.dll
0x000007fefcb80000 - 0x000007fefcbb1000 	C:\Windows\system32\nvinitx.dll
0x000007fefcb70000 - 0x000007fefcb7c000 	C:\Windows\system32\VERSION.dll
0x000000000f000000 - 0x000000000f006000 	C:\Program Files\NVIDIA Corporation\CoProcManager\detoured.dll
0x000007fef9c50000 - 0x000007fef9c81000 	C:\Program Files\NVIDIA Corporation\CoProcManager\nvd3d9wrapx.dll
0x000007fefde60000 - 0x000007fefe037000 	C:\Windows\system32\SETUPAPI.dll
0x000007fefcc70000 - 0x000007fefcca6000 	C:\Windows\system32\CFGMGR32.dll
0x000007fefdb10000 - 0x000007fefdbe7000 	C:\Windows\system32\OLEAUT32.dll
0x000007fefdbf0000 - 0x000007fefddf3000 	C:\Windows\system32\ole32.dll
0x000007fefcda0000 - 0x000007fefcdba000 	C:\Windows\system32\DEVOBJ.dll
0x000007fef9c20000 - 0x000007fef9c42000 	C:\Program Files\NVIDIA Corporation\CoProcManager\nvdxgiwrapx.dll
0x000000006d570000 - 0x000000006d642000 	C:\Program Files\Java\jre1.8.0_71\bin\msvcr100.dll
0x0000000077770000 - 0x0000000077fff000 	C:\Program Files\Java\jre1.8.0_71\bin\server\jvm.dll
0x000007fef8e30000 - 0x000007fef8e39000 	C:\Windows\system32\WSOCK32.dll
0x000007fefdac0000 - 0x000007fefdb0d000 	C:\Windows\system32\WS2_32.dll
0x000007fefdaa0000 - 0x000007fefdaa8000 	C:\Windows\system32\NSI.dll
0x000007fefa010000 - 0x000007fefa04b000 	C:\Windows\system32\WINMM.dll
0x0000000077070000 - 0x0000000077077000 	C:\Windows\system32\PSAPI.DLL
0x000000006d560000 - 0x000000006d56f000 	C:\Program Files\Java\jre1.8.0_71\bin\verify.dll
0x000000006d530000 - 0x000000006d559000 	C:\Program Files\Java\jre1.8.0_71\bin\java.dll
0x000000006d510000 - 0x000000006d526000 	C:\Program Files\Java\jre1.8.0_71\bin\zip.dll
0x000007fefe0c0000 - 0x000007fefee49000 	C:\Windows\system32\SHELL32.dll
0x000007fefcc60000 - 0x000007fefcc6f000 	C:\Windows\system32\profapi.dll
0x0000000180000000 - 0x0000000180053000 	C:\Users\Pri\Documents\GitHub\lwjgl2\native\windows\lwjgl64.dll
0x000007fef0490000 - 0x000007fef05ad000 	C:\Windows\system32\OPENGL32.dll
0x000007fef7730000 - 0x000007fef775d000 	C:\Windows\system32\GLU32.dll
0x000007fef2430000 - 0x000007fef2521000 	C:\Windows\system32\DDRAW.dll
0x000007fef2420000 - 0x000007fef2428000 	C:\Windows\system32\DCIMAN32.dll
0x000007fefb2a0000 - 0x000007fefb2b8000 	C:\Windows\system32\dwmapi.dll
0x000007fefb6d0000 - 0x000007fefb726000 	C:\Windows\system32\uxtheme.dll
0x000007fefcd60000 - 0x000007fefcd9b000 	C:\Windows\system32\WINTRUST.dll
0x000007fefcea0000 - 0x000007fefd00d000 	C:\Windows\system32\CRYPT32.dll
0x000007fefcc50000 - 0x000007fefcc5f000 	C:\Windows\system32\MSASN1.dll
0x0000000009550000 - 0x000000000a73d000 	C:\Windows\system32\ig4icd64.dll
0x000007fefcaa0000 - 0x000007fefcaaf000 	C:\Windows\system32\CRYPTBASE.dll
0x000007fefa050000 - 0x000007fefa0ec000 	C:\Windows\system32\mscms.dll
0x000007fefcd30000 - 0x000007fefcd4e000 	C:\Windows\system32\USERENV.dll
0x000007fef02e0000 - 0x000007fef0322000 	C:\Windows\system32\icm32.dll
0x000000000e8a0000 - 0x000000000ea38000 	C:\Program Files\Java\jre1.8.0_71\bin\awt.dll
0x000007fef0fd0000 - 0x000007fef10f5000 	C:\Windows\system32\dbghelp.dll

VM Arguments:
jvm_args: -Djava.library.path=C:\Users\Pri\Documents\GitHub\lwjgl2\native\windows -Dfile.encoding=Cp1252 
java_command: partsys.MainLoop
java_class_path (initial): C:\Users\Pri\Documents\GitHub\partsys\bin;C:\Users\Pri\Documents\GitHub\PNGDecoder\PNGDecoder.jar;C:\Users\Pri\Documents\GitHub\lwjgl2\jar\lwjgl.jar;C:\Users\Pri\Documents\GitHub\lwjgl2\jar\lwjgl_util.jar;C:\Users\Pri\Documents\GitHub\slick-util\lib\slick-util.jar
Launcher Type: SUN_STANDARD

Environment Variables:
PATH=C:\ProgramData\Oracle\Java\javapath;C:\Windows\system32;C:\Windows;C:\Windows\System32\Wbem;C:\Windows\System32\WindowsPowerShell\v1.0\;;C:\Program Files\Intel\WiFi\bin\;C:\Program Files\Common Files\Intel\WirelessCommon\;C:\Program Files (x86)\NVIDIA Corporation\PhysX\Common;C:\Program Files (x86)\Skype\Phone\
USERNAME=Pri
OS=Windows_NT
PROCESSOR_IDENTIFIER=Intel64 Family 6 Model 42 Stepping 7, GenuineIntel



---------------  S Y S T E M  ---------------

OS: Windows 7 , 64 bit Build 7601 (6.1.7601.19110)

CPU:total 4 (2 cores per cpu, 2 threads per core) family 6 model 42 stepping 7, cmov, cx8, fxsr, mmx, sse, sse2, sse3, ssse3, sse4.1, sse4.2, popcnt, avx, clmul, ht, tsc, tscinvbit

Memory: 4k page, physical 6193204k(1144784k free), swap 12384572k(4476364k free)

vm_info: Java HotSpot(TM) 64-Bit Server VM (25.71-b15) for windows-amd64 JRE (1.8.0_71-b15), built on Dec 22 2015 18:15:55 by "java_re" with MS VC++ 10.0 (VS2010)

time: Sun Jan 24 18:27:02 2016
elapsed time: 1 seconds (0d 0h 0m 1s)

